# S0={,,,}, S1={,,,}, write-block=B0
write-ack 0 miss 4
# S0={B0/d,,,}, S1={,,,}, read-block=B0
read-ack 0 hit 1 FF112233
# S0={B0/d,,,}, S1={,,,}, write-block=B0
write-ack 0 hit 1
# S0={B0/d,,,}, S1={,,,}, write-block=B1
write-ack 1 miss 4
# S0={B0/d,,,}, S1={B1/d,,,}, write-block=B0
write-ack 0 hit 1
# S0={B0/d,,,}, S1={B1/d,,,}, write-block=B2
write-ack 0 miss 4
# S0={B0/d,B2/d,,}, S1={B1/d,,,}, read-block=B0
read-ack 0 hit 1 00556677 	
# S0={B0/d,B2/d,,}, S1={B1/d,,,}, read-block=B1
read-ack 1 hit 1 66221100
# S0={B0/d,B2/d,,}, S1={B1/d,,,}, write-block=B0
write-ack 0 hit 1
# S0={B0/d,B2/d,,}, S1={B1/d,,,}, write-block=B1
write-ack 1 hit 1
# S0={B0/d,B2/d,,}, S1={B1/d,,,}, write-block=B4
write-ack 0 miss 4
# S0={B0/d,B2/d,B4/d,}, S1={B1/d,,,}, write-block=B8
write-ack 0 miss 4
# S0={B0/d,B2/d,B4/d,B8/d}, S1={B1/d,,,}, read-block=B8
read-ack 0 hit 1 00000000
debug-ack-begin
debug-ack-end
# S0={B0/d,B2/d,B4/d,B8/d}, S1={B1/d,,,}, read-block=B0
read-ack 0 hit 1 12345678
# S0={B0/d,B2/d,B4/d,B8/d}, S1={B1/d,,,}, read-block=B0
read-ack 0 hit 1 00556677
# S0={B0/d,B2/d,B4/d,B8/d}, S1={B1/d,,,}, read-block = B10
read-ack 0 miss 8 00000000
# S0={B0/d,B10,B4/d,B8/d}, S1={B1/d,,,}
flush-ack 16
# S0={B0,B10,B4,B8}, S1={B1,,,}
debug-ack-begin
debug-ack-end
