# S0={,,,}, S1={,,,}, write-block=B0
write-ack 0 miss 1
# S0={B0/d,,,}, S1={,,,}, read-block=B0
read-ack 0 hit 1 FF112233
# S0={B0/d,,,}, S1={,,,}, write-block=B1
write-ack 1 miss 1
# S0={B0/d,,,}, S1={B1/d,,,}, write-block=B2
write-ack 0 miss 1
# S0={B0/d,B2/d,,}, S1={B1/d,,,}, write-block=B0
write-ack 0 hit 1
# S0={B0/d,B2/d,,}, S1={B1/d,,,}, write-block=B5
write-ack 1 miss 1
# S0={B0/d,B2/d,,}, S1={B1/d,B5/d,,}, read-block=B0
read-ack 0 hit 1 00556677 	
# S0={B0/d,B2/d,,}, S1={B1/d,B5/d,,}, read-block=B2
read-ack 0 hit 1 66221100
# S0={B0/d,B2/d,,}, S1={B1/d,B5/d,,}, write-block=B1
write-ack 1 hit 1
# S0={B0/d,B2/d,,}, S1={B1/d,B5/d,,}, write-block=B3
write-ack 1 miss 1
# S0={B0/d,B2/d,,}, S1={B1/d,B5/d,B3/d,}, write-block=B17
write-ack 1 miss 1
# S0={B0/d,B2/d,,}, S1={B1/d,B5/d,B3/d,B17/d}, read-block=B17
read-ack 1 hit 1 00000000
debug-ack-begin
debug-ack-end
# S0={B0/d,B2/d,,}, S1={B1/d,B5/d,B3/d,B17/d}, read-block=B1
read-ack 1 hit 1 12345678
# S0={B0/d,B2/d,,}, S1={B1/d,B5/d,B3/d,B17/d}, read-block=B0
read-ack 0 hit 1 00556677
# S0={B17/d,B1/d,B0,B3/d}, S1={,B5/d,,}
