# S0={,}, S1={,}, write-block=B0
write-ack 0 miss 3
# S0={B0/d,}, S1={,}, write-block=B0
write-ack 0 hit 1
# S0={B0/d,}, S1={,}, read-block=B0
read-ack 0 hit 1 123456
# S0={B0/d,}, S1={,}, write-block=B1
write-ack 1 miss 3
# S0={B0/d,}, S1={B1/d,}, write-block=B2
write-ack 0 miss 3
debug-ack-begin
# S0={B0/d,B2/d}, S1={B1/d,}
debug-ack-end
flush-ack 9
debug-ack-begin
# S0={B0,B2}, S1={B1,}
debug-ack-end
# S0={B0,B2}, S1={B1,}, read-block=B1
read-ack 1 hit 1 333333
# S0={B0,B2}, S1={B1,}, write-block=B4
write-ack 0 miss 3
# S0={B4,B2}, S1={B1,}
