# S0={}, S1={}, S2={}, S3={}, S4={}, read-block=B0
read-ack 0 miss 6 00
# S0={B0}, S1={}, S2={}, S3={}, S4={}, read-block=B0
read-ack 0 hit 1 00
# S0={B0}, S1={}, S2={}, S3={}, S4={}, write-block=B0
write-ack 0 hit 1
# S0={B0/d}, S1={}, S2={}, S3={}, S4={}, write-block=B1
write-ack 1 miss 6
# S0={B0/d}, S1={B1/d}, S2={}, S3={}, S4={}, write-block=B3
write-ack 3 miss 6
# S0={B0/d}, S1={B1/d}, S2={}, S3={B3/d}, S4={}, write-block=B3
write-ack 3 hit 1
# S0={B0/d}, S1={B1/d}, S2={}, S3={B3/d}, S4={}, write-block=B5
write-ack 0 miss 9
# S0={B5/d}, S1={B1/d}, S2={}, S3={B3/d}, S4={}, read-block=B0
read-ack 0 miss 9 BB
# S0={B0}, S1={B1/d}, S2={}, S3={B3/d}, S4={}
debug-ack-begin
# S0={B0}, S1={B1/d}, S2={}, S3={B3/d}, S4={}
debug-ack-end
flush-ack 6
debug-ack-begin
# S0={B0}, S1={B1}, S2={}, S3={B3}, S4={}
debug-ack-end
# S0={B0}, S1={B1}, S2={}, S3={B3}, S4={}, read-block=B5
read-ack 0 miss 6 44
# S0={B5}, S1={B1}, S2={}, S3={B3}, S4={}, read-block=B3
read-ack 3 hit 1 CC
# S0={B5}, S1={B1}, S2={}, S3={B3}, S4={}
